This file contains any messages produced by compilers while
running configure, to aid debugging if configure makes a mistake.

It was created by ipc3270 configure 5.3, which was
generated by GNU Autoconf 2.69.  Invocation command line was

  $ ./configure 

## --------- ##
## Platform. ##
## --------- ##

hostname = NTB-VPCSB35FB
uname -m = x86_64
uname -r = 5.0.0-38-generic
uname -s = Linux
uname -v = #41-Ubuntu SMP Tue Dec 3 00:27:35 UTC 2019

/usr/bin/uname -p = x86_64
/bin/uname -X     = unknown

/bin/arch              = x86_64
/usr/bin/arch -k       = unknown
/usr/convex/getsysinfo = unknown
/usr/bin/hostinfo      = unknown
/bin/machine           = unknown
/usr/bin/oslevel       = unknown
/bin/universe          = unknown

PATH: /home/janaina/.local/bin
PATH: /opt/java/jdk1.8.0_211/bin
PATH: /home/janaina/.local/bin
PATH: /opt/java/jdk1.8.0_211/bin
PATH: /usr/local/sbin
PATH: /usr/local/bin
PATH: /usr/sbin
PATH: /usr/bin
PATH: /sbin
PATH: /bin
PATH: /usr/games
PATH: /usr/local/games
PATH: /snap/bin


## ----------- ##
## Core tests. ##
## ----------- ##

configure:2378: checking build system type
configure:2392: result: x86_64-pc-linux-gnu
configure:2412: checking host system type
configure:2425: result: x86_64-pc-linux-gnu
configure:2465: checking for a BSD-compatible install
configure:2533: result: /usr/bin/install -c
configure:2544: checking whether build environment is sane
configure:2599: result: yes
configure:2748: checking for a thread-safe mkdir -p
configure:2787: result: /usr/bin/mkdir -p
configure:2794: checking for gawk
configure:2824: result: no
configure:2794: checking for mawk
configure:2810: found /usr/bin/mawk
configure:2821: result: mawk
configure:2832: checking whether make sets $(MAKE)
configure:2854: result: yes
configure:2883: checking whether make supports nested variables
configure:2900: result: yes
configure:3047: checking whether make supports the include directive
configure:3062: make -f confmf.GNU && cat confinc.out
this is the am__doit target
configure:3065: $? = 0
configure:3084: result: yes (GNU style)
configure:3154: checking for gcc
configure:3170: found /usr/bin/gcc
configure:3181: result: gcc
configure:3410: checking for C compiler version
configure:3419: gcc --version >&5
gcc (Ubuntu 8.3.0-6ubuntu1) 8.3.0
Copyright (C) 2018 Free Software Foundation, Inc.
This is free software; see the source for copying conditions.  There is NO
warranty; not even for MERCHANTABILITY or FITNESS FOR A PARTICULAR PURPOSE.

configure:3430: $? = 0
configure:3419: gcc -v >&5
Using built-in specs.
COLLECT_GCC=gcc
COLLECT_LTO_WRAPPER=/usr/lib/gcc/x86_64-linux-gnu/8/lto-wrapper
OFFLOAD_TARGET_NAMES=nvptx-none
OFFLOAD_TARGET_DEFAULT=1
Target: x86_64-linux-gnu
Configured with: ../src/configure -v --with-pkgversion='Ubuntu 8.3.0-6ubuntu1' --with-bugurl=file:///usr/share/doc/gcc-8/README.Bugs --enable-languages=c,ada,c++,go,brig,d,fortran,objc,obj-c++ --prefix=/usr --with-gcc-major-version-only --program-suffix=-8 --program-prefix=x86_64-linux-gnu- --enable-shared --enable-linker-build-id --libexecdir=/usr/lib --without-included-gettext --enable-threads=posix --libdir=/usr/lib --enable-nls --enable-bootstrap --enable-clocale=gnu --enable-libstdcxx-debug --enable-libstdcxx-time=yes --with-default-libstdcxx-abi=new --enable-gnu-unique-object --disable-vtable-verify --enable-libmpx --enable-plugin --enable-default-pie --with-system-zlib --with-target-system-zlib --enable-objc-gc=auto --enable-multiarch --disable-werror --with-arch-32=i686 --with-abi=m64 --with-multilib-list=m32,m64,mx32 --enable-multilib --with-tune=generic --enable-offload-targets=nvptx-none --without-cuda-driver --enable-checking=release --build=x86_64-linux-gnu --host=x86_64-linux-gnu --target=x86_64-linux-gnu
Thread model: posix
gcc version 8.3.0 (Ubuntu 8.3.0-6ubuntu1) 
configure:3430: $? = 0
configure:3419: gcc -V >&5
gcc: error: unrecognized command line option '-V'
gcc: fatal error: no input files
compilation terminated.
configure:3430: $? = 1
configure:3419: gcc -qversion >&5
gcc: error: unrecognized command line option '-qversion'; did you mean '--version'?
gcc: fatal error: no input files
compilation terminated.
configure:3430: $? = 1
configure:3450: checking whether the C compiler works
configure:3472: gcc    conftest.c  >&5
configure:3476: $? = 0
configure:3524: result: yes
configure:3527: checking for C compiler default output file name
configure:3529: result: a.out
configure:3535: checking for suffix of executables
configure:3542: gcc -o conftest    conftest.c  >&5
configure:3546: $? = 0
configure:3568: result: 
configure:3590: checking whether we are cross compiling
configure:3598: gcc -o conftest    conftest.c  >&5
configure:3602: $? = 0
configure:3609: ./conftest
configure:3613: $? = 0
configure:3601: result: no
configure:3606: checking for suffix of object files
configure:3628: gcc -c   conftest.c >&5
configure:3632: $? = 0
configure:3653: result: o
configure:3657: checking whether we are using the GNU C compiler
configure:3676: gcc -c   conftest.c >&5
configure:3676: $? = 0
configure:3685: result: yes
configure:3694: checking whether gcc accepts -g
configure:3714: gcc -c -g  conftest.c >&5
configure:3714: $? = 0
configure:3755: result: yes
configure:3772: checking for gcc option to accept ISO C89
configure:3835: gcc  -c -g -O2  conftest.c >&5
configure:3835: $? = 0
configure:3848: result: none needed
configure:3873: checking whether gcc understands -c and -o together
configure:3895: gcc -c conftest.c -o conftest2.o
configure:3898: $? = 0
configure:3895: gcc -c conftest.c -o conftest2.o
configure:3898: $? = 0
configure:3910: result: yes
configure:3929: checking dependency style of gcc
configure:4040: result: none
configure:4080: checking for ld used by gcc
configure:4147: result: /usr/bin/ld
configure:4154: checking if the linker (/usr/bin/ld) is GNU ld
configure:4169: result: yes
configure:4176: checking for shared library run path origin
configure:4189: result: done
configure:4214: checking how to run the C preprocessor
configure:4245: gcc -E  conftest.c
configure:4245: $? = 0
configure:4259: gcc -E  conftest.c
conftest.c:11:10: fatal error: ac_nonexistent.h: No such file or directory
 #include <ac_nonexistent.h>
          ^~~~~~~~~~~~~~~~~~
compilation terminated.
configure:4259: $? = 1
configure: failed program was:
| /* confdefs.h */
| #define PACKAGE_NAME "ipc3270"
| #define PACKAGE_TARNAME "ipc3270"
| #define PACKAGE_VERSION "5.3"
| #define PACKAGE_STRING "ipc3270 5.3"
| #define PACKAGE_BUGREPORT "perry.werneck@gmail.com"
| #define PACKAGE_URL ""
| #define PACKAGE "ipc3270"
| #define VERSION "5.3"
| /* end confdefs.h.  */
| #include <ac_nonexistent.h>
configure:4284: result: gcc -E
configure:4304: gcc -E  conftest.c
configure:4304: $? = 0
configure:4318: gcc -E  conftest.c
conftest.c:11:10: fatal error: ac_nonexistent.h: No such file or directory
 #include <ac_nonexistent.h>
          ^~~~~~~~~~~~~~~~~~
compilation terminated.
configure:4318: $? = 1
configure: failed program was:
| /* confdefs.h */
| #define PACKAGE_NAME "ipc3270"
| #define PACKAGE_TARNAME "ipc3270"
| #define PACKAGE_VERSION "5.3"
| #define PACKAGE_STRING "ipc3270 5.3"
| #define PACKAGE_BUGREPORT "perry.werneck@gmail.com"
| #define PACKAGE_URL ""
| #define PACKAGE "ipc3270"
| #define VERSION "5.3"
| /* end confdefs.h.  */
| #include <ac_nonexistent.h>
configure:4347: checking for grep that handles long lines and -e
configure:4405: result: /usr/bin/grep
configure:4410: checking for egrep
configure:4472: result: /usr/bin/grep -E
configure:5036: checking for iconv
configure:5060: gcc -o conftest -g -O2   conftest.c  >&5
configure:5060: $? = 0
configure:5094: result: yes
configure:5097: checking for working iconv
configure:5226: gcc -o conftest -g -O2   conftest.c  >&5
configure:5226: $? = 0
configure:5226: ./conftest
configure:5226: $? = 0
configure:5238: result: yes
configure:5266: checking for iconv declaration
configure:5295: gcc -c -g -O2  conftest.c >&5
configure:5295: $? = 0
configure:5306: result:
         extern size_t iconv (iconv_t cd, char * *inbuf, size_t *inbytesleft, char * *outbuf, size_t *outbytesleft);
configure:5366: checking for gcc
configure:5393: result: gcc
configure:5622: checking for C compiler version
configure:5631: gcc --version >&5
gcc (Ubuntu 8.3.0-6ubuntu1) 8.3.0
Copyright (C) 2018 Free Software Foundation, Inc.
This is free software; see the source for copying conditions.  There is NO
warranty; not even for MERCHANTABILITY or FITNESS FOR A PARTICULAR PURPOSE.

configure:5642: $? = 0
configure:5631: gcc -v >&5
Using built-in specs.
COLLECT_GCC=gcc
COLLECT_LTO_WRAPPER=/usr/lib/gcc/x86_64-linux-gnu/8/lto-wrapper
OFFLOAD_TARGET_NAMES=nvptx-none
OFFLOAD_TARGET_DEFAULT=1
Target: x86_64-linux-gnu
Configured with: ../src/configure -v --with-pkgversion='Ubuntu 8.3.0-6ubuntu1' --with-bugurl=file:///usr/share/doc/gcc-8/README.Bugs --enable-languages=c,ada,c++,go,brig,d,fortran,objc,obj-c++ --prefix=/usr --with-gcc-major-version-only --program-suffix=-8 --program-prefix=x86_64-linux-gnu- --enable-shared --enable-linker-build-id --libexecdir=/usr/lib --without-included-gettext --enable-threads=posix --libdir=/usr/lib --enable-nls --enable-bootstrap --enable-clocale=gnu --enable-libstdcxx-debug --enable-libstdcxx-time=yes --with-default-libstdcxx-abi=new --enable-gnu-unique-object --disable-vtable-verify --enable-libmpx --enable-plugin --enable-default-pie --with-system-zlib --with-target-system-zlib --enable-objc-gc=auto --enable-multiarch --disable-werror --with-arch-32=i686 --with-abi=m64 --with-multilib-list=m32,m64,mx32 --enable-multilib --with-tune=generic --enable-offload-targets=nvptx-none --without-cuda-driver --enable-checking=release --build=x86_64-linux-gnu --host=x86_64-linux-gnu --target=x86_64-linux-gnu
Thread model: posix
gcc version 8.3.0 (Ubuntu 8.3.0-6ubuntu1) 
configure:5642: $? = 0
configure:5631: gcc -V >&5
gcc: error: unrecognized command line option '-V'
gcc: fatal error: no input files
compilation terminated.
configure:5642: $? = 1
configure:5631: gcc -qversion >&5
gcc: error: unrecognized command line option '-qversion'; did you mean '--version'?
gcc: fatal error: no input files
compilation terminated.
configure:5642: $? = 1
configure:5646: checking whether we are using the GNU C compiler
configure:5674: result: yes
configure:5683: checking whether gcc accepts -g
configure:5744: result: yes
configure:5761: checking for gcc option to accept ISO C89
configure:5837: result: none needed
configure:5862: checking whether gcc understands -c and -o together
configure:5899: result: yes
configure:5918: checking dependency style of gcc
configure:6029: result: none
configure:6102: checking for g++
configure:6118: found /usr/bin/g++
configure:6129: result: g++
configure:6156: checking for C++ compiler version
configure:6165: g++ --version >&5
g++ (Ubuntu 8.3.0-6ubuntu1) 8.3.0
Copyright (C) 2018 Free Software Foundation, Inc.
This is free software; see the source for copying conditions.  There is NO
warranty; not even for MERCHANTABILITY or FITNESS FOR A PARTICULAR PURPOSE.

configure:6176: $? = 0
configure:6165: g++ -v >&5
Using built-in specs.
COLLECT_GCC=g++
COLLECT_LTO_WRAPPER=/usr/lib/gcc/x86_64-linux-gnu/8/lto-wrapper
OFFLOAD_TARGET_NAMES=nvptx-none
OFFLOAD_TARGET_DEFAULT=1
Target: x86_64-linux-gnu
Configured with: ../src/configure -v --with-pkgversion='Ubuntu 8.3.0-6ubuntu1' --with-bugurl=file:///usr/share/doc/gcc-8/README.Bugs --enable-languages=c,ada,c++,go,brig,d,fortran,objc,obj-c++ --prefix=/usr --with-gcc-major-version-only --program-suffix=-8 --program-prefix=x86_64-linux-gnu- --enable-shared --enable-linker-build-id --libexecdir=/usr/lib --without-included-gettext --enable-threads=posix --libdir=/usr/lib --enable-nls --enable-bootstrap --enable-clocale=gnu --enable-libstdcxx-debug --enable-libstdcxx-time=yes --with-default-libstdcxx-abi=new --enable-gnu-unique-object --disable-vtable-verify --enable-libmpx --enable-plugin --enable-default-pie --with-system-zlib --with-target-system-zlib --enable-objc-gc=auto --enable-multiarch --disable-werror --with-arch-32=i686 --with-abi=m64 --with-multilib-list=m32,m64,mx32 --enable-multilib --with-tune=generic --enable-offload-targets=nvptx-none --without-cuda-driver --enable-checking=release --build=x86_64-linux-gnu --host=x86_64-linux-gnu --target=x86_64-linux-gnu
Thread model: posix
gcc version 8.3.0 (Ubuntu 8.3.0-6ubuntu1) 
configure:6176: $? = 0
configure:6165: g++ -V >&5
g++: error: unrecognized command line option '-V'
g++: fatal error: no input files
compilation terminated.
configure:6176: $? = 1
configure:6165: g++ -qversion >&5
g++: error: unrecognized command line option '-qversion'; did you mean '--version'?
g++: fatal error: no input files
compilation terminated.
configure:6176: $? = 1
configure:6180: checking whether we are using the GNU C++ compiler
configure:6199: g++ -c   conftest.cpp >&5
configure:6199: $? = 0
configure:6208: result: yes
configure:6217: checking whether g++ accepts -g
configure:6237: g++ -c -g  conftest.cpp >&5
configure:6237: $? = 0
configure:6278: result: yes
configure:6303: checking dependency style of g++
configure:6414: result: none
configure:6429: checking for a sed that does not truncate output
configure:6493: result: /usr/bin/sed
configure:6498: checking whether ln -s works
configure:6502: result: yes
configure:6583: checking for vasprintf
configure:6583: gcc -o conftest -g -O2 -pthread   -pthread conftest.c  >&5
configure:6583: $? = 0
configure:6583: result: yes
configure:6637: checking for ar
configure:6655: found /usr/bin/ar
configure:6667: result: /usr/bin/ar
configure:6735: checking for windres
configure:6768: result: no
configure:6833: checking for dlltool
configure:6866: result: no
configure:6940: checking for pkg-config
configure:6958: found /usr/bin/pkg-config
configure:6970: result: /usr/bin/pkg-config
configure:6995: checking pkg-config is at least version 0.9.0
configure:6998: result: yes
configure:7007: $PKG_CONFIG --exists --print-errors ""
Must specify package names on the command line
configure:7010: $? = 1
configure:7093: Keep default selection for static library.
configure:7154: checking for xgettext
configure:7172: found /usr/bin/xgettext
configure:7184: result: /usr/bin/xgettext
configure:7252: checking for msgcat
configure:7270: found /usr/bin/msgcat
configure:7282: result: /usr/bin/msgcat
configure:7350: checking for msginit
configure:7368: found /usr/bin/msginit
configure:7380: result: /usr/bin/msginit
configure:7448: checking for msgmerge
configure:7466: found /usr/bin/msgmerge
configure:7478: result: /usr/bin/msgmerge
configure:7546: checking for msgfmt
configure:7564: found /usr/bin/msgfmt
configure:7576: result: /usr/bin/msgfmt
configure:7644: checking for valgrind
configure:7677: result: no
configure:7801: checking for LIB3270
configure:7808: $PKG_CONFIG --exists --print-errors "lib3270"
configure:7811: $? = 0
configure:7825: $PKG_CONFIG --exists --print-errors "lib3270"
configure:7828: $? = 0
configure:7866: result: yes
configure:7873: checking for ANSI C header files
configure:7893: gcc -c -g -O2 -pthread  conftest.c >&5
configure:7893: $? = 0
configure:7966: gcc -o conftest -g -O2 -pthread   -pthread conftest.c  >&5
configure:7966: $? = 0
configure:7966: ./conftest
configure:7966: $? = 0
configure:7977: result: yes
configure:7990: checking for sys/types.h
configure:7990: gcc -c -g -O2 -pthread  conftest.c >&5
configure:7990: $? = 0
configure:7990: result: yes
configure:7990: checking for sys/stat.h
configure:7990: gcc -c -g -O2 -pthread  conftest.c >&5
configure:7990: $? = 0
configure:7990: result: yes
configure:7990: checking for stdlib.h
configure:7990: gcc -c -g -O2 -pthread  conftest.c >&5
configure:7990: $? = 0
configure:7990: result: yes
configure:7990: checking for string.h
configure:7990: gcc -c -g -O2 -pthread  conftest.c >&5
configure:7990: $? = 0
configure:7990: result: yes
configure:7990: checking for memory.h
configure:7990: gcc -c -g -O2 -pthread  conftest.c >&5
configure:7990: $? = 0
configure:7990: result: yes
configure:7990: checking for strings.h
configure:7990: gcc -c -g -O2 -pthread  conftest.c >&5
configure:7990: $? = 0
configure:7990: result: yes
configure:7990: checking for inttypes.h
configure:7990: gcc -c -g -O2 -pthread  conftest.c >&5
configure:7990: $? = 0
configure:7990: result: yes
configure:7990: checking for stdint.h
configure:7990: gcc -c -g -O2 -pthread  conftest.c >&5
configure:7990: $? = 0
configure:7990: result: yes
configure:7990: checking for unistd.h
configure:7990: gcc -c -g -O2 -pthread  conftest.c >&5
configure:7990: $? = 0
configure:7990: result: yes
configure:8002: checking libintl.h usability
configure:8002: gcc -c -g -O2 -pthread  conftest.c >&5
configure:8002: $? = 0
configure:8002: result: yes
configure:8002: checking libintl.h presence
configure:8002: gcc -E  conftest.c
configure:8002: $? = 0
configure:8002: result: yes
configure:8002: checking for libintl.h
configure:8002: result: yes
configure:8050: checking for V3270
configure:8057: $PKG_CONFIG --exists --print-errors "libv3270"
configure:8060: $? = 0
configure:8074: $PKG_CONFIG --exists --print-errors "libv3270"
configure:8077: $? = 0
configure:8115: result: yes
configure:8127: checking for GTK
configure:8134: $PKG_CONFIG --exists --print-errors "gtk+-3.0"
configure:8137: $? = 0
configure:8151: $PKG_CONFIG --exists --print-errors "gtk+-3.0"
configure:8154: $? = 0
configure:8192: result: yes
configure:8204: checking for GLIB
configure:8211: $PKG_CONFIG --exists --print-errors "glib-2.0 gobject-2.0 gmodule-2.0 gio-2.0"
configure:8214: $? = 0
configure:8228: $PKG_CONFIG --exists --print-errors "glib-2.0 gobject-2.0 gmodule-2.0 gio-2.0"
configure:8231: $? = 0
configure:8269: result: yes
configure:8280: checking for DBUS
configure:8287: $PKG_CONFIG --exists --print-errors "dbus-1"
configure:8290: $? = 0
configure:8304: $PKG_CONFIG --exists --print-errors "dbus-1"
configure:8307: $? = 0
configure:8347: result: yes
configure:8356: checking for GDBUS
configure:8363: $PKG_CONFIG --exists --print-errors "dbus-glib-1"
configure:8366: $? = 0
configure:8380: $PKG_CONFIG --exists --print-errors "dbus-glib-1"
configure:8383: $? = 0
configure:8423: result: yes
configure:8441: checking for systemd
configure:8448: $PKG_CONFIG --exists --print-errors "systemd"
configure:8451: $? = 0
configure:8465: $PKG_CONFIG --exists --print-errors "systemd"
configure:8468: $? = 0
configure:8506: result: yes
configure:8523: checking for SYSTEMD
configure:8530: $PKG_CONFIG --exists --print-errors "systemd"
configure:8533: $? = 0
configure:8547: $PKG_CONFIG --exists --print-errors "systemd"
configure:8550: $? = 0
configure:8588: result: yes
configure:8598: checking for SYSTEMD
configure:8605: $PKG_CONFIG --exists --print-errors "libsystemd"
Package libsystemd was not found in the pkg-config search path.
Perhaps you should add the directory containing `libsystemd.pc'
to the PKG_CONFIG_PATH environment variable
No package 'libsystemd' found
configure:8608: $? = 1
configure:8622: $PKG_CONFIG --exists --print-errors "libsystemd"
Package libsystemd was not found in the pkg-config search path.
Perhaps you should add the directory containing `libsystemd.pc'
to the PKG_CONFIG_PATH environment variable
No package 'libsystemd' found
configure:8625: $? = 1
configure:8639: result: no
No package 'libsystemd' found
configure:8655: libsystemd not present.
configure:8734: checking for doxygen
configure:8767: result: no
configure:8799: checking for dot
configure:8829: result: no
configure:8837: checking whether doxygen should use graphviz
configure:8845: result: no, graphviz missing
configure:8894: checking whether C compiler accepts -std=gnu++11
configure:8913: gcc -c -g -O2 -pthread -fPIC  -std=gnu++11  conftest.c >&5
cc1: warning: command line option '-std=gnu++11' is valid for C++/ObjC++ but not for C
configure:8913: $? = 0
configure:8921: result: yes
configure:9060: checking that generated files are newer than configure
configure:9066: result: done
configure:9097: creating ./config.status

## ---------------------- ##
## Running config.status. ##
## ---------------------- ##

This file was extended by ipc3270 config.status 5.3, which was
generated by GNU Autoconf 2.69.  Invocation command line was

  CONFIG_FILES    = 
  CONFIG_HEADERS  = 
  CONFIG_LINKS    = 
  CONFIG_COMMANDS = 
  $ ./config.status 

on NTB-VPCSB35FB

config.status:954: creating conf/systemd.service
config.status:954: creating Makefile
config.status:954: creating server/Makefile
config.status:954: creating client/Makefile
config.status:954: creating locale/Makefile
config.status:954: creating client/sdk/ipc3270.pc
config.status:954: creating client/sdk/ipc3270-static.pc
config.status:954: creating common/src/include/config.h
config.status:1183: executing depfiles commands

## ---------------- ##
## Cache variables. ##
## ---------------- ##

ac_cv_build=x86_64-pc-linux-gnu
ac_cv_c_compiler_gnu=yes
ac_cv_cxx_compiler_gnu=yes
ac_cv_env_CCC_set=
ac_cv_env_CCC_value=
ac_cv_env_CC_set=
ac_cv_env_CC_value=
ac_cv_env_CFLAGS_set=
ac_cv_env_CFLAGS_value=
ac_cv_env_CPPFLAGS_set=
ac_cv_env_CPPFLAGS_value=
ac_cv_env_CPP_set=
ac_cv_env_CPP_value=
ac_cv_env_CXXFLAGS_set=
ac_cv_env_CXXFLAGS_value=
ac_cv_env_CXX_set=
ac_cv_env_CXX_value=
ac_cv_env_DBUS_CFLAGS_set=
ac_cv_env_DBUS_CFLAGS_value=
ac_cv_env_DBUS_LIBS_set=
ac_cv_env_DBUS_LIBS_value=
ac_cv_env_GDBUS_CFLAGS_set=
ac_cv_env_GDBUS_CFLAGS_value=
ac_cv_env_GDBUS_LIBS_set=
ac_cv_env_GDBUS_LIBS_value=
ac_cv_env_GLIB_CFLAGS_set=
ac_cv_env_GLIB_CFLAGS_value=
ac_cv_env_GLIB_LIBS_set=
ac_cv_env_GLIB_LIBS_value=
ac_cv_env_GTK_CFLAGS_set=
ac_cv_env_GTK_CFLAGS_value=
ac_cv_env_GTK_LIBS_set=
ac_cv_env_GTK_LIBS_value=
ac_cv_env_LDFLAGS_set=
ac_cv_env_LDFLAGS_value=
ac_cv_env_LIB3270_CFLAGS_set=
ac_cv_env_LIB3270_CFLAGS_value=
ac_cv_env_LIB3270_LIBS_set=
ac_cv_env_LIB3270_LIBS_value=
ac_cv_env_LIBS_set=
ac_cv_env_LIBS_value=
ac_cv_env_PKG_CONFIG_LIBDIR_set=
ac_cv_env_PKG_CONFIG_LIBDIR_value=
ac_cv_env_PKG_CONFIG_PATH_set=
ac_cv_env_PKG_CONFIG_PATH_value=
ac_cv_env_PKG_CONFIG_set=
ac_cv_env_PKG_CONFIG_value=
ac_cv_env_SYSTEMD_CFLAGS_set=
ac_cv_env_SYSTEMD_CFLAGS_value=
ac_cv_env_SYSTEMD_LIBS_set=
ac_cv_env_SYSTEMD_LIBS_value=
ac_cv_env_V3270_CFLAGS_set=
ac_cv_env_V3270_CFLAGS_value=
ac_cv_env_V3270_LIBS_set=
ac_cv_env_V3270_LIBS_value=
ac_cv_env_build_alias_set=
ac_cv_env_build_alias_value=
ac_cv_env_host_alias_set=
ac_cv_env_host_alias_value=
ac_cv_env_systemd_CFLAGS_set=
ac_cv_env_systemd_CFLAGS_value=
ac_cv_env_systemd_LIBS_set=
ac_cv_env_systemd_LIBS_value=
ac_cv_env_target_alias_set=
ac_cv_env_target_alias_value=
ac_cv_func_vasprintf=yes
ac_cv_header_inttypes_h=yes
ac_cv_header_libintl_h=yes
ac_cv_header_memory_h=yes
ac_cv_header_stdc=yes
ac_cv_header_stdint_h=yes
ac_cv_header_stdlib_h=yes
ac_cv_header_string_h=yes
ac_cv_header_strings_h=yes
ac_cv_header_sys_stat_h=yes
ac_cv_header_sys_types_h=yes
ac_cv_header_unistd_h=yes
ac_cv_host=x86_64-pc-linux-gnu
ac_cv_objext=o
ac_cv_path_EGREP='/usr/bin/grep -E'
ac_cv_path_GREP=/usr/bin/grep
ac_cv_path_SED=/usr/bin/sed
ac_cv_path_ac_pt_AR=/usr/bin/ar
ac_cv_path_ac_pt_MSGCAT=/usr/bin/msgcat
ac_cv_path_ac_pt_MSGFMT=/usr/bin/msgfmt
ac_cv_path_ac_pt_MSGINIT=/usr/bin/msginit
ac_cv_path_ac_pt_MSGMERGE=/usr/bin/msgmerge
ac_cv_path_ac_pt_PKG_CONFIG=/usr/bin/pkg-config
ac_cv_path_ac_pt_XGETTEXT=/usr/bin/xgettext
ac_cv_path_install='/usr/bin/install -c'
ac_cv_path_mkdir=/usr/bin/mkdir
ac_cv_prog_AWK=mawk
ac_cv_prog_CPP='gcc -E'
ac_cv_prog_ac_ct_CC=gcc
ac_cv_prog_ac_ct_CXX=g++
ac_cv_prog_cc_c89=
ac_cv_prog_cc_g=yes
ac_cv_prog_cxx_g=yes
ac_cv_prog_make_make_set=yes
acl_cv_path_LD=/usr/bin/ld
acl_cv_prog_gnu_ld=yes
acl_cv_rpath=done
am_cv_CC_dependencies_compiler_type=none
am_cv_CXX_dependencies_compiler_type=none
am_cv_func_iconv=yes
am_cv_func_iconv_works=yes
am_cv_lib_iconv=no
am_cv_make_support_nested_variables=yes
am_cv_prog_cc_c_o=yes
am_cv_proto_iconv='extern size_t iconv (iconv_t cd, char * *inbuf, size_t *inbytesleft, char * *outbuf, size_t *outbytesleft);'
am_cv_proto_iconv_arg1=
app_cv_confdir=/etc
app_cv_datadir=/usr/share
app_cv_dbus=yes
app_cv_delayed_lib3270=no
app_cv_gettext_package=libipc3270
app_cv_libdbus=yes
app_cv_osname=linux
app_cv_pic=yes
app_cv_product=pw3270
app_cv_release=20.2.6
app_cv_static=no
ax_cv_check_cflags___std_gnupp11=yes
pkg_cv_DBUS_CFLAGS='-I/usr/include/dbus-1.0 -I/usr/lib/x86_64-linux-gnu/dbus-1.0/include'
pkg_cv_DBUS_LIBS=-ldbus-1
pkg_cv_GDBUS_CFLAGS='-I/usr/include/dbus-1.0 -I/usr/lib/x86_64-linux-gnu/dbus-1.0/include -I/usr/include/glib-2.0 -I/usr/lib/x86_64-linux-gnu/glib-2.0/include'
pkg_cv_GDBUS_LIBS='-ldbus-glib-1 -ldbus-1 -lgobject-2.0 -lglib-2.0'
pkg_cv_GLIB_CFLAGS='-pthread -I/usr/include/libmount -I/usr/include/blkid -I/usr/include/uuid -I/usr/include/glib-2.0 -I/usr/lib/x86_64-linux-gnu/glib-2.0/include'
pkg_cv_GLIB_LIBS='-Wl,--export-dynamic -lgmodule-2.0 -pthread -lgio-2.0 -lgobject-2.0 -lglib-2.0'
pkg_cv_GTK_CFLAGS='-pthread -I/usr/include/gtk-3.0 -I/usr/include/at-spi2-atk/2.0 -I/usr/include/at-spi-2.0 -I/usr/include/dbus-1.0 -I/usr/lib/x86_64-linux-gnu/dbus-1.0/include -I/usr/include/gtk-3.0 -I/usr/include/gio-unix-2.0 -I/usr/include/cairo -I/usr/include/libdrm -I/usr/include/pango-1.0 -I/usr/include/harfbuzz -I/usr/include/pango-1.0 -I/usr/include/fribidi -I/usr/include/atk-1.0 -I/usr/include/cairo -I/usr/include/pixman-1 -I/usr/include/freetype2 -I/usr/include/libpng16 -I/usr/include/gdk-pixbuf-2.0 -I/usr/include/libmount -I/usr/include/blkid -I/usr/include/uuid -I/usr/include/glib-2.0 -I/usr/lib/x86_64-linux-gnu/glib-2.0/include'
pkg_cv_GTK_LIBS='-lgtk-3 -lgdk-3 -lpangocairo-1.0 -lpango-1.0 -latk-1.0 -lcairo-gobject -lcairo -lgdk_pixbuf-2.0 -lgio-2.0 -lgobject-2.0 -lglib-2.0'
pkg_cv_LIB3270_CFLAGS='-DLIB3270_NAME=3270 -DLIB3270_REVISION=20200206'
pkg_cv_LIB3270_LIBS=-l3270
pkg_cv_SYSTEMD_CFLAGS=
pkg_cv_SYSTEMD_LIBS=
pkg_cv_V3270_CFLAGS='-DLIB3270_NAME=3270 -DLIB3270_REVISION=20200206 -pthread -I/usr/include/gtk-3.0 -I/usr/include/at-spi2-atk/2.0 -I/usr/include/at-spi-2.0 -I/usr/include/dbus-1.0 -I/usr/lib/x86_64-linux-gnu/dbus-1.0/include -I/usr/include/gtk-3.0 -I/usr/include/gio-unix-2.0 -I/usr/include/cairo -I/usr/include/libdrm -I/usr/include/pango-1.0 -I/usr/include/harfbuzz -I/usr/include/pango-1.0 -I/usr/include/fribidi -I/usr/include/atk-1.0 -I/usr/include/cairo -I/usr/include/pixman-1 -I/usr/include/freetype2 -I/usr/include/libpng16 -I/usr/include/gdk-pixbuf-2.0 -I/usr/include/libmount -I/usr/include/blkid -I/usr/include/uuid -I/usr/include/glib-2.0 -I/usr/lib/x86_64-linux-gnu/glib-2.0/include'
pkg_cv_V3270_LIBS='-lv3270 -l3270 -lgtk-3 -lgdk-3 -lpangocairo-1.0 -lpango-1.0 -latk-1.0 -lcairo-gobject -lcairo -lgdk_pixbuf-2.0 -lgio-2.0 -lgobject-2.0 -lglib-2.0'
pkg_cv_systemd_CFLAGS=
pkg_cv_systemd_LIBS=

## ----------------- ##
## Output variables. ##
## ----------------- ##

ACLOCAL='${SHELL} /opt/git/libipc3270/scripts/missing aclocal-1.16'
AMDEPBACKSLASH='\'
AMDEP_FALSE='#'
AMDEP_TRUE=''
AMTAR='$${TAR-tar}'
AM_BACKSLASH='\'
AM_DEFAULT_V='$(AM_DEFAULT_VERBOSITY)'
AM_DEFAULT_VERBOSITY='1'
AM_V='$(V)'
AR='/usr/bin/ar'
AUTOCONF='${SHELL} /opt/git/libipc3270/scripts/missing autoconf'
AUTOHEADER='${SHELL} /opt/git/libipc3270/scripts/missing autoheader'
AUTOMAKE='${SHELL} /opt/git/libipc3270/scripts/missing automake-1.16'
AWK='mawk'
BASEDIR='/opt/git/libipc3270'
CC='gcc'
CCDEPMODE='depmode=none'
CFLAGS='-g -O2 -pthread -fPIC -DHAVE_CONFIG_H'
CLIENT_LDFLAGS='-shared'
CLIENT_LIBS=''
CLIENT_TARGETS='linux-lib devel'
CONFDIR='/etc'
CPP='gcc -E'
CPPFLAGS=''
CXX='g++'
CXXDEPMODE='depmode=none'
CXXFLAGS='-g -O2 -pthread -fPIC -std=gnu++11 -DHAVE_CONFIG_H'
CYGPATH_W='echo'
DATADIR='/usr/share'
DBUS_CFLAGS='-I/usr/include/dbus-1.0 -I/usr/lib/x86_64-linux-gnu/dbus-1.0/include'
DBUS_LIBS='-ldbus-1'
DEFS='-DHAVE_CONFIG_H'
DEPDIR='.deps'
DLLEXT='.so'
DLLTOOL='no'
DOXYGEN=''
ECHO_C=''
ECHO_N='-n'
ECHO_T=''
EGREP='/usr/bin/grep -E'
EXEEXT=''
GDBUS_CFLAGS='-I/usr/include/dbus-1.0 -I/usr/lib/x86_64-linux-gnu/dbus-1.0/include -I/usr/include/glib-2.0 -I/usr/lib/x86_64-linux-gnu/glib-2.0/include'
GDBUS_LIBS='-ldbus-glib-1 -ldbus-1 -lgobject-2.0 -lglib-2.0'
GETTEXT_PACKAGE='libipc3270'
GLIB_CFLAGS='-pthread -I/usr/include/libmount -I/usr/include/blkid -I/usr/include/uuid -I/usr/include/glib-2.0 -I/usr/lib/x86_64-linux-gnu/glib-2.0/include'
GLIB_LIBS='-Wl,--export-dynamic -lgmodule-2.0 -pthread -lgio-2.0 -lgobject-2.0 -lglib-2.0'
GRAPHVIZDOT=''
GREP='/usr/bin/grep'
GTK_CFLAGS='-pthread -I/usr/include/gtk-3.0 -I/usr/include/at-spi2-atk/2.0 -I/usr/include/at-spi-2.0 -I/usr/include/dbus-1.0 -I/usr/lib/x86_64-linux-gnu/dbus-1.0/include -I/usr/include/gtk-3.0 -I/usr/include/gio-unix-2.0 -I/usr/include/cairo -I/usr/include/libdrm -I/usr/include/pango-1.0 -I/usr/include/harfbuzz -I/usr/include/pango-1.0 -I/usr/include/fribidi -I/usr/include/atk-1.0 -I/usr/include/cairo -I/usr/include/pixman-1 -I/usr/include/freetype2 -I/usr/include/libpng16 -I/usr/include/gdk-pixbuf-2.0 -I/usr/include/libmount -I/usr/include/blkid -I/usr/include/uuid -I/usr/include/glib-2.0 -I/usr/lib/x86_64-linux-gnu/glib-2.0/include'
GTK_LIBS='-lgtk-3 -lgdk-3 -lpangocairo-1.0 -lpango-1.0 -latk-1.0 -lcairo-gobject -lcairo -lgdk_pixbuf-2.0 -lgio-2.0 -lgobject-2.0 -lglib-2.0'
HAVE_DOT='NO'
INIT_MODULE='systemd'
INSTALL_DATA='${INSTALL} -m 644'
INSTALL_PROGRAM='${INSTALL}'
INSTALL_SCRIPT='${INSTALL}'
INSTALL_STRIP_PROGRAM='$(install_sh) -c -s'
INTL_LIBS=''
LDFLAGS=' -pthread'
LIB3270_CFLAGS='-DLIB3270_NAME=3270 -DLIB3270_REVISION=20200206'
LIB3270_LIBS='-l3270'
LIBEXT='.so.5.3'
LIBICONV=''
LIBOBJS=''
LIBS=''
LN_S='ln -s'
LOGDIR='/var/log'
LTLIBICONV=''
LTLIBOBJS=''
MAKEINFO='${SHELL} /opt/git/libipc3270/scripts/missing makeinfo'
MKDIR_P='/usr/bin/mkdir -p'
MSGCAT='/usr/bin/msgcat'
MSGFMT='/usr/bin/msgfmt'
MSGINIT='/usr/bin/msginit'
MSGMERGE='/usr/bin/msgmerge'
OBJEXT='o'
OSNAME='linux'
PACKAGE='ipc3270'
PACKAGE_BUGREPORT='perry.werneck@gmail.com'
PACKAGE_DESCRIPTION='PW3270 IPC Module'
PACKAGE_MAJOR_RELEASE='20'
PACKAGE_MAJOR_VERSION='5'
PACKAGE_MINOR_RELEASE='2'
PACKAGE_MINOR_VERSION='3'
PACKAGE_NAME='ipc3270'
PACKAGE_RELEASE='20.2.6'
PACKAGE_STRING='ipc3270 5.3'
PACKAGE_TARNAME='ipc3270'
PACKAGE_URL=''
PACKAGE_VERSION='5.3'
PATH_SEPARATOR=':'
PKG_CONFIG='/usr/bin/pkg-config'
PKG_CONFIG_LIBDIR=''
PKG_CONFIG_PATH=''
PRODUCT_NAME='pw3270'
SED='/usr/bin/sed'
SET_MAKE=''
SHELL='/bin/bash'
STRIP=''
SYSTEMD_CFLAGS=''
SYSTEMD_LIBS=''
SYSTEMD_UNITDIR='/lib/systemd/system'
V3270_CFLAGS='-DLIB3270_NAME=3270 -DLIB3270_REVISION=20200206 -pthread -I/usr/include/gtk-3.0 -I/usr/include/at-spi2-atk/2.0 -I/usr/include/at-spi-2.0 -I/usr/include/dbus-1.0 -I/usr/lib/x86_64-linux-gnu/dbus-1.0/include -I/usr/include/gtk-3.0 -I/usr/include/gio-unix-2.0 -I/usr/include/cairo -I/usr/include/libdrm -I/usr/include/pango-1.0 -I/usr/include/harfbuzz -I/usr/include/pango-1.0 -I/usr/include/fribidi -I/usr/include/atk-1.0 -I/usr/include/cairo -I/usr/include/pixman-1 -I/usr/include/freetype2 -I/usr/include/libpng16 -I/usr/include/gdk-pixbuf-2.0 -I/usr/include/libmount -I/usr/include/blkid -I/usr/include/uuid -I/usr/include/glib-2.0 -I/usr/lib/x86_64-linux-gnu/glib-2.0/include'
V3270_LIBS='-lv3270 -l3270 -lgtk-3 -lgdk-3 -lpangocairo-1.0 -lpango-1.0 -latk-1.0 -lcairo-gobject -lcairo -lgdk_pixbuf-2.0 -lgio-2.0 -lgobject-2.0 -lglib-2.0'
VALGRIND='no'
VERSION='5.3'
WIN32_FILE_VERSION=''
WIN32_VERSION=''
WINDRES='no'
XGETTEXT='/usr/bin/xgettext'
ac_ct_CC='gcc'
ac_ct_CXX='g++'
am__EXEEXT_FALSE=''
am__EXEEXT_TRUE='#'
am__fastdepCC_FALSE=''
am__fastdepCC_TRUE='#'
am__fastdepCXX_FALSE=''
am__fastdepCXX_TRUE='#'
am__include='include'
am__isrc=''
am__leading_dot='.'
am__nodep='_no'
am__quote=''
am__tar='$${TAR-tar} chof - "$$tardir"'
am__untar='$${TAR-tar} xf -'
bindir='${exec_prefix}/bin'
build='x86_64-pc-linux-gnu'
build_alias=''
build_cpu='x86_64'
build_os='linux-gnu'
build_vendor='pc'
datadir='${datarootdir}'
datarootdir='${prefix}/share'
docdir='${datarootdir}/doc/${PACKAGE_TARNAME}'
dvidir='${docdir}'
exec_prefix='${prefix}'
host='x86_64-pc-linux-gnu'
host_alias=''
host_cpu='x86_64'
host_os='linux-gnu'
host_vendor='pc'
htmldir='${docdir}'
includedir='${prefix}/include'
infodir='${datarootdir}/info'
install_sh='${SHELL} /opt/git/libipc3270/scripts/install-sh'
libdir='${exec_prefix}/lib'
libexecdir='${exec_prefix}/libexec'
localedir='${datarootdir}/locale'
localstatedir='${prefix}/var'
mandir='${datarootdir}/man'
mkdir_p='$(MKDIR_P)'
oldincludedir='/usr/include'
pdfdir='${docdir}'
prefix='/usr/local'
program_transform_name='s,x,x,'
psdir='${docdir}'
runstatedir='${localstatedir}/run'
sbindir='${exec_prefix}/sbin'
sharedstatedir='${prefix}/com'
sysconfdir='${prefix}/etc'
systemd_CFLAGS=''
systemd_LIBS=''
target_alias=''

## ----------- ##
## confdefs.h. ##
## ----------- ##

/* confdefs.h */
#define PACKAGE_NAME "ipc3270"
#define PACKAGE_TARNAME "ipc3270"
#define PACKAGE_VERSION "5.3"
#define PACKAGE_STRING "ipc3270 5.3"
#define PACKAGE_BUGREPORT "perry.werneck@gmail.com"
#define PACKAGE_URL ""
#define PACKAGE "ipc3270"
#define VERSION "5.3"
#define HAVE_ICONV 1
#define ICONV_CONST 
#define HAVE_VASPRINTF 1
#define PACKAGE_MAJOR_VERSION 5
#define PACKAGE_MINOR_VERSION 3
#define PACKAGE_RELEASE 20.2.6
#define PACKAGE_MAJOR_RELEASE 20
#define PACKAGE_MINOR_RELEASE 2
#define LIB3270_DYNAMIC 1
#define STDC_HEADERS 1
#define HAVE_SYS_TYPES_H 1
#define HAVE_SYS_STAT_H 1
#define HAVE_STDLIB_H 1
#define HAVE_STRING_H 1
#define HAVE_MEMORY_H 1
#define HAVE_STRINGS_H 1
#define HAVE_INTTYPES_H 1
#define HAVE_STDINT_H 1
#define HAVE_UNISTD_H 1
#define HAVE_LIBINTL 1
#define PRODUCT_NAME pw3270
#define HAVE_V3270 1
#define HAVE_GTK 1
#define HAVE_GLIB 1
#define GETTEXT_PACKAGE "libipc3270"

configure: exit 0
